{"/Users/r.gubin/Desktop/ДЗ/purchase_amount_homework/src/cart.ts": {"path":"/Users/r.gubin/Desktop/ДЗ/purchase_amount_homework/src/cart.ts","statementMap":{"0":{"start":{"line":3,"column":0},"end":{"line":3,"column":null}},"1":{"start":{"line":4,"column":10},"end":{"line":4,"column":33}},"2":{"start":{"line":6,"column":2},"end":{"line":8,"column":null}},"3":{"start":{"line":7,"column":4},"end":{"line":7,"column":27}},"4":{"start":{"line":10,"column":2},"end":{"line":12,"column":null}},"5":{"start":{"line":11,"column":4},"end":{"line":11,"column":70}},"6":{"start":{"line":11,"column":47},"end":{"line":11,"column":67}},"7":{"start":{"line":14,"column":2},"end":{"line":19,"column":null}},"8":{"start":{"line":15,"column":4},"end":{"line":18,"column":33}},"9":{"start":{"line":16,"column":30},"end":{"line":16,"column":63}},"10":{"start":{"line":17,"column":6},"end":{"line":17,"column":37}},"11":{"start":{"line":21,"column":2},"end":{"line":23,"column":null}},"12":{"start":{"line":22,"column":4},"end":{"line":22,"column":61}},"13":{"start":{"line":22,"column":45},"end":{"line":22,"column":60}},"14":{"start":{"line":24,"column":0},"end":{"line":24,"column":null}}},"fnMap":{"0":{"name":"(anonymous_0)","decl":{"start":{"line":3,"column":0},"end":{"line":3,"column":null}},"loc":{"start":{"line":3,"column":0},"end":{"line":24,"column":null}}},"1":{"name":"(anonymous_2)","decl":{"start":{"line":6,"column":2},"end":{"line":6,"column":5}},"loc":{"start":{"line":6,"column":19},"end":{"line":8,"column":3}}},"2":{"name":"(anonymous_3)","decl":{"start":{"line":10,"column":2},"end":{"line":10,"column":14}},"loc":{"start":{"line":10,"column":2},"end":{"line":12,"column":3}}},"3":{"name":"(anonymous_4)","decl":{"start":{"line":11,"column":30},"end":{"line":11,"column":31}},"loc":{"start":{"line":11,"column":42},"end":{"line":11,"column":52}}},"4":{"name":"(anonymous_5)","decl":{"start":{"line":14,"column":2},"end":{"line":14,"column":26}},"loc":{"start":{"line":14,"column":43},"end":{"line":19,"column":3}}},"5":{"name":"(anonymous_6)","decl":{"start":{"line":15,"column":30},"end":{"line":15,"column":31}},"loc":{"start":{"line":15,"column":42},"end":{"line":18,"column":5}}},"6":{"name":"(anonymous_7)","decl":{"start":{"line":21,"column":2},"end":{"line":21,"column":16}},"loc":{"start":{"line":21,"column":27},"end":{"line":23,"column":3}}},"7":{"name":"(anonymous_8)","decl":{"start":{"line":22,"column":37},"end":{"line":22,"column":41}},"loc":{"start":{"line":22,"column":41},"end":{"line":22,"column":49}}}},"branchMap":{"0":{"loc":{"start":{"line":16,"column":44},"end":{"line":16,"column":62}},"type":"binary-expr","locations":[{"start":{"line":16,"column":44},"end":{"line":16,"column":57}},{"start":{"line":16,"column":61},"end":{"line":16,"column":62}}]}},"s":{"0":1,"1":4,"2":1,"3":6,"4":1,"5":1,"6":2,"7":1,"8":1,"9":2,"10":2,"11":1,"12":2,"13":3,"14":1},"f":{"0":5,"1":6,"2":1,"3":2,"4":1,"5":2,"6":2,"7":3},"b":{"0":[2,2]}}
}
