TN:
SF:src/cart.ts
FN:3,(anonymous_0)
FN:6,(anonymous_2)
FN:10,(anonymous_3)
FN:11,(anonymous_4)
FN:14,(anonymous_5)
FN:15,(anonymous_6)
FN:21,(anonymous_7)
FN:22,(anonymous_8)
FNF:8
FNH:8
FNDA:5,(anonymous_0)
FNDA:6,(anonymous_2)
FNDA:1,(anonymous_3)
FNDA:2,(anonymous_4)
FNDA:1,(anonymous_5)
FNDA:2,(anonymous_6)
FNDA:2,(anonymous_7)
FNDA:3,(anonymous_8)
DA:3,1
DA:4,4
DA:6,1
DA:7,6
DA:10,1
DA:11,2
DA:14,1
DA:15,1
DA:16,2
DA:17,2
DA:21,1
DA:22,3
DA:24,1
LF:13
LH:13
BRDA:16,0,0,2
BRDA:16,0,1,2
BRF:2
BRH:2
end_of_record
